2019-11-24 15:05:28 INFO  Report:11 - -------Default test-------
2019-11-24 15:05:28 INFO  Report:11 - -------getAllWeatherHeaderData-------
2019-11-24 15:05:31 INFO  Report:11 - Server : nginx
2019-11-24 15:05:31 INFO  Report:11 - Date : Sun, 24 Nov 2019 09:34:51 GMT
2019-11-24 15:05:31 INFO  Report:11 - Content-Type : application/json
2019-11-24 15:05:31 INFO  Report:11 - Content-Length : 163
2019-11-24 15:05:31 INFO  Report:11 - Connection : keep-alive
2019-11-24 15:05:31 INFO  Report:11 - Vary : Accept-Encoding
2019-11-24 15:05:31 INFO  Report:11 - Content-Encoding : gzip
2019-11-24 15:05:31 INFO  Report:11 - Cache-Control : max-age=0
2019-11-24 15:05:31 INFO  Report:11 - Expires : Sun, 24 Nov 2019 09:34:51 GMT
2019-11-24 15:05:31 INFO  Report:11 - Access-Control-Allow-Origin : *
2019-11-24 15:05:31 INFO  Report:11 - X-Proxy-Cache : BYPASS
2019-11-24 15:05:31 INFO  Report:11 - alt-svc : quic=":443"; ma=86400; v="43,39"
2019-11-24 15:05:31 INFO  Report:11 - -------verifyWeatherStatus-------
2019-11-24 15:05:32 INFO  Report:11 - Status Code : 200
2019-11-24 15:08:46 INFO  Report:11 - -------Default test-------
2019-11-24 15:08:46 INFO  Report:11 - -------getAllWeatherHeaderData-------
2019-11-24 15:08:49 INFO  Report:11 - Server : nginx
2019-11-24 15:08:49 INFO  Report:11 - Date : Sun, 24 Nov 2019 09:38:09 GMT
2019-11-24 15:08:49 INFO  Report:11 - Content-Type : application/json
2019-11-24 15:08:49 INFO  Report:11 - Content-Length : 163
2019-11-24 15:08:49 INFO  Report:11 - Connection : keep-alive
2019-11-24 15:08:49 INFO  Report:11 - Vary : Accept-Encoding
2019-11-24 15:08:49 INFO  Report:11 - Content-Encoding : gzip
2019-11-24 15:08:49 INFO  Report:11 - Cache-Control : max-age=0
2019-11-24 15:08:49 INFO  Report:11 - Expires : Sun, 24 Nov 2019 09:38:09 GMT
2019-11-24 15:08:49 INFO  Report:11 - Access-Control-Allow-Origin : *
2019-11-24 15:08:49 INFO  Report:11 - X-Proxy-Cache : BYPASS
2019-11-24 15:08:49 INFO  Report:11 - alt-svc : quic=":443"; ma=86400; v="43,39"
2019-11-24 15:14:44 INFO  Report:11 - -------Default test-------
2019-11-24 15:14:44 INFO  Report:11 - -------getAllWeatherHeaderData-------
2019-11-24 15:14:47 INFO  Report:11 - Server : nginx
2019-11-24 15:14:47 INFO  Report:11 - Date : Sun, 24 Nov 2019 09:44:07 GMT
2019-11-24 15:14:47 INFO  Report:11 - Content-Type : application/json
2019-11-24 15:14:47 INFO  Report:11 - Content-Length : 163
2019-11-24 15:14:47 INFO  Report:11 - Connection : keep-alive
2019-11-24 15:14:47 INFO  Report:11 - Vary : Accept-Encoding
2019-11-24 15:14:47 INFO  Report:11 - Content-Encoding : gzip
2019-11-24 15:14:47 INFO  Report:11 - Cache-Control : max-age=0
2019-11-24 15:14:47 INFO  Report:11 - Expires : Sun, 24 Nov 2019 09:44:07 GMT
2019-11-24 15:14:47 INFO  Report:11 - Access-Control-Allow-Origin : *
2019-11-24 15:14:47 INFO  Report:11 - X-Proxy-Cache : BYPASS
2019-11-24 15:14:47 INFO  Report:11 - alt-svc : quic=":443"; ma=86400; v="43,39"
2019-11-24 15:14:47 INFO  Report:11 - -------verifyWeatherStatus-------
2019-11-24 15:14:48 INFO  Report:11 - Status Code : 200
2019-11-24 15:19:28 INFO  Report:18 - -------Default test-------
2019-11-24 15:19:28 INFO  Report:18 - -------getAllWeatherHeaderData-------
2019-11-24 15:19:31 INFO  Report:18 - Server : nginx
2019-11-24 15:19:31 INFO  Report:18 - Date : Sun, 24 Nov 2019 09:48:51 GMT
2019-11-24 15:19:31 INFO  Report:18 - Content-Type : application/json
2019-11-24 15:19:31 INFO  Report:18 - Content-Length : 163
2019-11-24 15:19:31 INFO  Report:18 - Connection : keep-alive
2019-11-24 15:19:31 INFO  Report:18 - Vary : Accept-Encoding
2019-11-24 15:19:31 INFO  Report:18 - Content-Encoding : gzip
2019-11-24 15:19:31 INFO  Report:18 - Cache-Control : max-age=0
2019-11-24 15:19:31 INFO  Report:18 - Expires : Sun, 24 Nov 2019 09:48:51 GMT
2019-11-24 15:19:31 INFO  Report:18 - Access-Control-Allow-Origin : *
2019-11-24 15:19:31 INFO  Report:18 - X-Proxy-Cache : BYPASS
2019-11-24 15:19:31 INFO  Report:18 - alt-svc : quic=":443"; ma=86400; v="43,39"
2019-11-24 15:19:31 INFO  Report:18 - -------verifyWeatherStatus-------
2019-11-24 15:19:32 INFO  Report:18 - Status Code : 200
2019-11-24 15:22:07 INFO  Report:11 - -------Default test-------
2019-11-24 15:22:07 INFO  Report:11 - -------getAllWeatherHeaderData-------
2019-11-24 15:22:11 INFO  Report:11 - Server : nginx
2019-11-24 15:22:11 INFO  Report:11 - Date : Sun, 24 Nov 2019 09:51:31 GMT
2019-11-24 15:22:11 INFO  Report:11 - Content-Type : application/json
2019-11-24 15:22:11 INFO  Report:11 - Content-Length : 163
2019-11-24 15:22:11 INFO  Report:11 - Connection : keep-alive
2019-11-24 15:22:11 INFO  Report:11 - Vary : Accept-Encoding
2019-11-24 15:22:11 INFO  Report:11 - Content-Encoding : gzip
2019-11-24 15:22:11 INFO  Report:11 - Cache-Control : max-age=0
2019-11-24 15:22:11 INFO  Report:11 - Expires : Sun, 24 Nov 2019 09:51:31 GMT
2019-11-24 15:22:11 INFO  Report:11 - Access-Control-Allow-Origin : *
2019-11-24 15:22:11 INFO  Report:11 - X-Proxy-Cache : BYPASS
2019-11-24 15:22:11 INFO  Report:11 - alt-svc : quic=":443"; ma=86400; v="43,39"
2019-11-24 15:22:11 INFO  Report:11 - -------verifyWeatherStatus-------
2019-11-24 15:22:11 INFO  Report:11 - Status Code : 200
2019-11-24 15:25:22 INFO  Report:11 - -------Default test-------
2019-11-24 15:25:22 INFO  Report:11 - -------getAllWeatherHeaderData-------
2019-11-24 15:25:25 INFO  Report:11 - Server : nginx
2019-11-24 15:25:25 INFO  Report:11 - Date : Sun, 24 Nov 2019 09:54:45 GMT
2019-11-24 15:25:25 INFO  Report:11 - Content-Type : application/json
2019-11-24 15:25:25 INFO  Report:11 - Content-Length : 163
2019-11-24 15:25:25 INFO  Report:11 - Connection : keep-alive
2019-11-24 15:25:25 INFO  Report:11 - Vary : Accept-Encoding
2019-11-24 15:25:25 INFO  Report:11 - Content-Encoding : gzip
2019-11-24 15:25:25 INFO  Report:11 - Cache-Control : max-age=0
2019-11-24 15:25:25 INFO  Report:11 - Expires : Sun, 24 Nov 2019 09:54:45 GMT
2019-11-24 15:25:25 INFO  Report:11 - Access-Control-Allow-Origin : *
2019-11-24 15:25:25 INFO  Report:11 - X-Proxy-Cache : BYPASS
2019-11-24 15:25:25 INFO  Report:11 - alt-svc : quic=":443"; ma=86400; v="43,39"
2019-11-24 15:25:25 INFO  Report:11 - -------verifyWeatherStatus-------
2019-11-24 15:25:25 INFO  Report:11 - Status Code : 200
2019-11-24 15:25:25 INFO  Report:11 - -------verifyWeatherStatusLine-------
2019-11-24 15:25:26 INFO  Report:11 - Status Code : HTTP/1.1 200 OK
2019-11-24 15:44:53 INFO  Report:11 - -------Default test-------
2019-11-24 15:44:53 INFO  Report:11 - -------verifyWeatherJsonPath-------
2019-11-24 15:44:58 INFO  Report:11 - City : Hyderabad
2019-11-24 15:48:28 INFO  Report:11 - -------Default test-------
2019-11-24 15:48:28 INFO  Report:11 - -------getWeatherResponseBody-------
2019-11-24 15:48:31 INFO  Report:11 - Response : io.restassured.internal.RestAssuredResponseImpl@388ba540
2019-11-24 15:49:23 INFO  Report:11 - -------Default test-------
2019-11-24 15:49:23 INFO  Report:11 - -------getWeatherResponseBody-------
2019-11-24 15:49:26 INFO  Report:11 - Response : {
    "City": "Hyderabad",
    "Temperature": "28.44 Degree celsius",
    "Humidity": "58 Percent",
    "WeatherDescription": "haze",
    "WindSpeed": "2.1 Km per hour",
    "WindDirectionDegree": "90 Degree"
}
2019-11-24 15:53:19 INFO  Report:11 - -------Default test-------
2019-11-24 15:53:19 INFO  Report:11 - -------getAllWeatherHeaderData-------
2019-11-24 15:53:22 INFO  Report:11 - Server : nginx
2019-11-24 15:53:22 INFO  Report:11 - Date : Sun, 24 Nov 2019 10:22:42 GMT
2019-11-24 15:53:22 INFO  Report:11 - Content-Type : application/json
2019-11-24 15:53:22 INFO  Report:11 - Content-Length : 162
2019-11-24 15:53:22 INFO  Report:11 - Connection : keep-alive
2019-11-24 15:53:22 INFO  Report:11 - Vary : Accept-Encoding
2019-11-24 15:53:22 INFO  Report:11 - Content-Encoding : gzip
2019-11-24 15:53:22 INFO  Report:11 - Cache-Control : max-age=0
2019-11-24 15:53:22 INFO  Report:11 - Expires : Sun, 24 Nov 2019 10:22:41 GMT
2019-11-24 15:53:22 INFO  Report:11 - Access-Control-Allow-Origin : *
2019-11-24 15:53:22 INFO  Report:11 - X-Proxy-Cache : BYPASS
2019-11-24 15:53:22 INFO  Report:11 - alt-svc : quic=":443"; ma=86400; v="43,39"
2019-11-24 15:53:22 INFO  Report:11 - -------getWeatherResponseBody-------
2019-11-24 15:53:22 INFO  Report:11 - Response : {
    "City": "Hyderabad",
    "Temperature": "28.44 Degree celsius",
    "Humidity": "58 Percent",
    "WeatherDescription": "haze",
    "WindSpeed": "2.1 Km per hour",
    "WindDirectionDegree": "90 Degree"
}
2019-11-24 15:53:22 INFO  Report:11 - -------verifyWeatherJsonPath-------
2019-11-24 15:53:24 INFO  Report:11 - City : Hyderabad
2019-11-24 15:53:24 INFO  Report:11 - -------verifyWeatherStatus-------
2019-11-24 15:53:24 INFO  Report:11 - Status Code : 200
2019-11-24 15:53:24 INFO  Report:11 - -------verifyWeatherStatusLine-------
2019-11-24 15:53:25 INFO  Report:11 - Status Code : HTTP/1.1 200 OK
